Determining if the pthread_create exist failed with the following output:
Change Dir: /home/ea/ros_ws/build/CMakeFiles/CMakeTmp

Run Build Command:"/usr/bin/make" "cmTC_98fab/fast"
/usr/bin/make -f CMakeFiles/cmTC_98fab.dir/build.make CMakeFiles/cmTC_98fab.dir/build
make[1]: Entering directory '/home/ea/ros_ws/build/CMakeFiles/CMakeTmp'
Building C object CMakeFiles/cmTC_98fab.dir/CheckSymbolExists.c.o
/usr/bin/cc    -o CMakeFiles/cmTC_98fab.dir/CheckSymbolExists.c.o   -c /home/ea/ros_ws/build/CMakeFiles/CMakeTmp/CheckSymbolExists.c
Linking C executable cmTC_98fab
/usr/bin/cmake -E cmake_link_script CMakeFiles/cmTC_98fab.dir/link.txt --verbose=1
/usr/bin/cc      -rdynamic CMakeFiles/cmTC_98fab.dir/CheckSymbolExists.c.o  -o cmTC_98fab 
CMakeFiles/cmTC_98fab.dir/CheckSymbolExists.c.o: In function `main':
CheckSymbolExists.c:(.text+0x1b): undefined reference to `pthread_create'
collect2: error: ld returned 1 exit status
CMakeFiles/cmTC_98fab.dir/build.make:97: recipe for target 'cmTC_98fab' failed
make[1]: *** [cmTC_98fab] Error 1
make[1]: Leaving directory '/home/ea/ros_ws/build/CMakeFiles/CMakeTmp'
Makefile:126: recipe for target 'cmTC_98fab/fast' failed
make: *** [cmTC_98fab/fast] Error 2

File /home/ea/ros_ws/build/CMakeFiles/CMakeTmp/CheckSymbolExists.c:
/* */
#include <pthread.h>

int main(int argc, char** argv)
{
  (void)argv;
#ifndef pthread_create
  return ((int*)(&pthread_create))[argc];
#else
  (void)argc;
  return 0;
#endif
}

Determining if the function pthread_create exists in the pthreads failed with the following output:
Change Dir: /home/ea/ros_ws/build/CMakeFiles/CMakeTmp

Run Build Command:"/usr/bin/make" "cmTC_799c8/fast"
/usr/bin/make -f CMakeFiles/cmTC_799c8.dir/build.make CMakeFiles/cmTC_799c8.dir/build
make[1]: Entering directory '/home/ea/ros_ws/build/CMakeFiles/CMakeTmp'
Building C object CMakeFiles/cmTC_799c8.dir/CheckFunctionExists.c.o
/usr/bin/cc   -DCHECK_FUNCTION_EXISTS=pthread_create   -o CMakeFiles/cmTC_799c8.dir/CheckFunctionExists.c.o   -c /usr/share/cmake-3.10/Modules/CheckFunctionExists.c
Linking C executable cmTC_799c8
/usr/bin/cmake -E cmake_link_script CMakeFiles/cmTC_799c8.dir/link.txt --verbose=1
/usr/bin/cc  -DCHECK_FUNCTION_EXISTS=pthread_create    -rdynamic CMakeFiles/cmTC_799c8.dir/CheckFunctionExists.c.o  -o cmTC_799c8 -lpthreads 
/usr/bin/ld: cannot find -lpthreads
collect2: error: ld returned 1 exit status
CMakeFiles/cmTC_799c8.dir/build.make:97: recipe for target 'cmTC_799c8' failed
make[1]: *** [cmTC_799c8] Error 1
make[1]: Leaving directory '/home/ea/ros_ws/build/CMakeFiles/CMakeTmp'
Makefile:126: recipe for target 'cmTC_799c8/fast' failed
make: *** [cmTC_799c8/fast] Error 2


Determining if the Q_WS_WIN exist failed with the following output:
Change Dir: /home/ea/ros_ws/build/CMakeFiles/CMakeTmp

Run Build Command:"/usr/bin/make" "cmTC_121c2/fast"
/usr/bin/make -f CMakeFiles/cmTC_121c2.dir/build.make CMakeFiles/cmTC_121c2.dir/build
make[1]: Entering directory '/home/ea/ros_ws/build/CMakeFiles/CMakeTmp'
Building CXX object CMakeFiles/cmTC_121c2.dir/CheckSymbolExists.cxx.o
/usr/bin/c++   -I/usr/include/qt4   -o CMakeFiles/cmTC_121c2.dir/CheckSymbolExists.cxx.o -c /home/ea/ros_ws/build/CMakeFiles/CMakeTmp/CheckSymbolExists.cxx
/home/ea/ros_ws/build/CMakeFiles/CMakeTmp/CheckSymbolExists.cxx: In function ‘int main(int, char**)’:
/home/ea/ros_ws/build/CMakeFiles/CMakeTmp/CheckSymbolExists.cxx:8:19: error: ‘Q_WS_WIN’ was not declared in this scope
   return ((int*)(&Q_WS_WIN))[argc];
                   ^~~~~~~~
/home/ea/ros_ws/build/CMakeFiles/CMakeTmp/CheckSymbolExists.cxx:8:19: note: suggested alternative: ‘Q_WS_X11’
   return ((int*)(&Q_WS_WIN))[argc];
                   ^~~~~~~~
                   Q_WS_X11
CMakeFiles/cmTC_121c2.dir/build.make:65: recipe for target 'CMakeFiles/cmTC_121c2.dir/CheckSymbolExists.cxx.o' failed
make[1]: *** [CMakeFiles/cmTC_121c2.dir/CheckSymbolExists.cxx.o] Error 1
make[1]: Leaving directory '/home/ea/ros_ws/build/CMakeFiles/CMakeTmp'
Makefile:126: recipe for target 'cmTC_121c2/fast' failed
make: *** [cmTC_121c2/fast] Error 2

File /home/ea/ros_ws/build/CMakeFiles/CMakeTmp/CheckSymbolExists.cxx:
/* */
#include <QtCore/qglobal.h>

int main(int argc, char** argv)
{
  (void)argv;
#ifndef Q_WS_WIN
  return ((int*)(&Q_WS_WIN))[argc];
#else
  (void)argc;
  return 0;
#endif
}

Determining if the Q_WS_QWS exist failed with the following output:
Change Dir: /home/ea/ros_ws/build/CMakeFiles/CMakeTmp

Run Build Command:"/usr/bin/make" "cmTC_d46f9/fast"
/usr/bin/make -f CMakeFiles/cmTC_d46f9.dir/build.make CMakeFiles/cmTC_d46f9.dir/build
make[1]: Entering directory '/home/ea/ros_ws/build/CMakeFiles/CMakeTmp'
Building CXX object CMakeFiles/cmTC_d46f9.dir/CheckSymbolExists.cxx.o
/usr/bin/c++   -I/usr/include/qt4   -o CMakeFiles/cmTC_d46f9.dir/CheckSymbolExists.cxx.o -c /home/ea/ros_ws/build/CMakeFiles/CMakeTmp/CheckSymbolExists.cxx
/home/ea/ros_ws/build/CMakeFiles/CMakeTmp/CheckSymbolExists.cxx: In function ‘int main(int, char**)’:
/home/ea/ros_ws/build/CMakeFiles/CMakeTmp/CheckSymbolExists.cxx:8:19: error: ‘Q_WS_QWS’ was not declared in this scope
   return ((int*)(&Q_WS_QWS))[argc];
                   ^~~~~~~~
/home/ea/ros_ws/build/CMakeFiles/CMakeTmp/CheckSymbolExists.cxx:8:19: note: suggested alternative: ‘Q_WS_X11’
   return ((int*)(&Q_WS_QWS))[argc];
                   ^~~~~~~~
                   Q_WS_X11
CMakeFiles/cmTC_d46f9.dir/build.make:65: recipe for target 'CMakeFiles/cmTC_d46f9.dir/CheckSymbolExists.cxx.o' failed
make[1]: *** [CMakeFiles/cmTC_d46f9.dir/CheckSymbolExists.cxx.o] Error 1
make[1]: Leaving directory '/home/ea/ros_ws/build/CMakeFiles/CMakeTmp'
Makefile:126: recipe for target 'cmTC_d46f9/fast' failed
make: *** [cmTC_d46f9/fast] Error 2

File /home/ea/ros_ws/build/CMakeFiles/CMakeTmp/CheckSymbolExists.cxx:
/* */
#include <QtCore/qglobal.h>

int main(int argc, char** argv)
{
  (void)argv;
#ifndef Q_WS_QWS
  return ((int*)(&Q_WS_QWS))[argc];
#else
  (void)argc;
  return 0;
#endif
}

Determining if the Q_WS_MAC exist failed with the following output:
Change Dir: /home/ea/ros_ws/build/CMakeFiles/CMakeTmp

Run Build Command:"/usr/bin/make" "cmTC_2df99/fast"
/usr/bin/make -f CMakeFiles/cmTC_2df99.dir/build.make CMakeFiles/cmTC_2df99.dir/build
make[1]: Entering directory '/home/ea/ros_ws/build/CMakeFiles/CMakeTmp'
Building CXX object CMakeFiles/cmTC_2df99.dir/CheckSymbolExists.cxx.o
/usr/bin/c++   -I/usr/include/qt4   -o CMakeFiles/cmTC_2df99.dir/CheckSymbolExists.cxx.o -c /home/ea/ros_ws/build/CMakeFiles/CMakeTmp/CheckSymbolExists.cxx
/home/ea/ros_ws/build/CMakeFiles/CMakeTmp/CheckSymbolExists.cxx: In function ‘int main(int, char**)’:
/home/ea/ros_ws/build/CMakeFiles/CMakeTmp/CheckSymbolExists.cxx:8:19: error: ‘Q_WS_MAC’ was not declared in this scope
   return ((int*)(&Q_WS_MAC))[argc];
                   ^~~~~~~~
/home/ea/ros_ws/build/CMakeFiles/CMakeTmp/CheckSymbolExists.cxx:8:19: note: suggested alternative: ‘Q_WS_X11’
   return ((int*)(&Q_WS_MAC))[argc];
                   ^~~~~~~~
                   Q_WS_X11
CMakeFiles/cmTC_2df99.dir/build.make:65: recipe for target 'CMakeFiles/cmTC_2df99.dir/CheckSymbolExists.cxx.o' failed
make[1]: *** [CMakeFiles/cmTC_2df99.dir/CheckSymbolExists.cxx.o] Error 1
make[1]: Leaving directory '/home/ea/ros_ws/build/CMakeFiles/CMakeTmp'
Makefile:126: recipe for target 'cmTC_2df99/fast' failed
make: *** [cmTC_2df99/fast] Error 2

File /home/ea/ros_ws/build/CMakeFiles/CMakeTmp/CheckSymbolExists.cxx:
/* */
#include <QtCore/qglobal.h>

int main(int argc, char** argv)
{
  (void)argv;
#ifndef Q_WS_MAC
  return ((int*)(&Q_WS_MAC))[argc];
#else
  (void)argc;
  return 0;
#endif
}

